This is pdfTeX, Version 3.14159265-2.6-1.40.15 (TeX Live 2014) (preloaded format=pdflatex 2015.3.23)  5 SEP 2015 01:10
entering extended mode
 restricted \write18 enabled.
 file:line:error style messages enabled.
 %&-line parsing enabled.
**REP_emassa01_CS.tex
(./REP_emassa01_CS.tex
LaTeX2e <2014/05/01>
Babel <3.9k> and hyphenation patterns for 78 languages loaded.
(/usr/local/texlive/2014/texmf-dist/tex/latex/base/article.cls
Document Class: article 2007/10/19 v1.4h Standard LaTeX document class
(/usr/local/texlive/2014/texmf-dist/tex/latex/base/size11.clo
File: size11.clo 2007/10/19 v1.4h Standard LaTeX file (size option)
)
\c@part=\count79
\c@section=\count80
\c@subsection=\count81
\c@subsubsection=\count82
\c@paragraph=\count83
\c@subparagraph=\count84
\c@figure=\count85
\c@table=\count86
\abovecaptionskip=\skip41
\belowcaptionskip=\skip42
\bibindent=\dimen102
)
(/usr/local/texlive/2014/texmf-dist/tex/latex/multirow/multirow.sty
\bigstrutjot=\dimen103
)
(/usr/local/texlive/2014/texmf-dist/tex/latex/float/float.sty
Package: float 2001/11/08 v1.3d Float enhancements (AL)
\c@float@type=\count87
\float@exts=\toks14
\float@box=\box26
\@float@everytoks=\toks15
\@floatcapt=\box27
)
(/usr/local/texlive/2014/texmf-dist/tex/latex/tools/array.sty
Package: array 2008/09/09 v2.4c Tabular extension package (FMi)
\col@sep=\dimen104
\extrarowheight=\dimen105
\NC@list=\toks16
\extratabsurround=\skip43
\backup@length=\skip44
)
(/usr/local/texlive/2014/texmf-dist/tex/latex/ms/ragged2e.sty
Package: ragged2e 2009/05/21 v2.1 ragged2e Package (MS)

(/usr/local/texlive/2014/texmf-dist/tex/latex/ms/everysel.sty
Package: everysel 2011/10/28 v1.2 EverySelectfont Package (MS)
)
(/usr/local/texlive/2014/texmf-dist/tex/latex/footmisc/footmisc.sty
Package: footmisc 2011/06/06 v5.5b a miscellany of footnote facilities
\FN@temptoken=\toks17
\footnotemargin=\dimen106
\c@pp@next@reset=\count88
Package footmisc Info: Declaring symbol style bringhurst on input line 855.
Package footmisc Info: Declaring symbol style chicago on input line 863.
Package footmisc Info: Declaring symbol style wiley on input line 872.
Package footmisc Info: Declaring symbol style lamport-robust on input line 883.

Package footmisc Info: Declaring symbol style lamport* on input line 903.
Package footmisc Info: Declaring symbol style lamport*-robust on input line 924
.
)
\CenteringLeftskip=\skip45
\RaggedLeftLeftskip=\skip46
\RaggedRightLeftskip=\skip47
\CenteringRightskip=\skip48
\RaggedLeftRightskip=\skip49
\RaggedRightRightskip=\skip50
\CenteringParfillskip=\skip51
\RaggedLeftParfillskip=\skip52
\RaggedRightParfillskip=\skip53
\JustifyingParfillskip=\skip54
\CenteringParindent=\skip55
\RaggedLeftParindent=\skip56
\RaggedRightParindent=\skip57
\JustifyingParindent=\skip58
)
(/usr/local/texlive/2014/texmf-dist/tex/latex/comment/comment.sty
\CommentStream=\write3

Excluding comment 'comment')
(/usr/local/texlive/2014/texmf-dist/tex/latex/caption/subcaption.sty
Package: subcaption 2013/02/03 v1.1-62 Sub-captions (AR)

(/usr/local/texlive/2014/texmf-dist/tex/latex/caption/caption.sty
Package: caption 2013/05/02 v3.3-89 Customizing captions (AR)

(/usr/local/texlive/2014/texmf-dist/tex/latex/caption/caption3.sty
Package: caption3 2013/05/02 v1.6-88 caption3 kernel (AR)
Package caption3 Info: TeX engine: e-TeX on input line 57.

(/usr/local/texlive/2014/texmf-dist/tex/latex/graphics/keyval.sty
Package: keyval 2014/05/08 v1.15 key=value parser (DPC)
\KV@toks@=\toks18
)
\captionmargin=\dimen107
\captionmargin@=\dimen108
\captionwidth=\dimen109
\caption@tempdima=\dimen110
\caption@indent=\dimen111
\caption@parindent=\dimen112
\caption@hangindent=\dimen113
)
\c@ContinuedFloat=\count89
Package caption Info: float package is loaded.
)
\c@subfigure=\count90
\c@subtable=\count91
)
(/usr/local/texlive/2014/texmf-dist/tex/latex/amsfonts/amssymb.sty
Package: amssymb 2013/01/14 v3.01 AMS font symbols

(/usr/local/texlive/2014/texmf-dist/tex/latex/amsfonts/amsfonts.sty
Package: amsfonts 2013/01/14 v3.01 Basic AMSFonts support
\@emptytoks=\toks19
\symAMSa=\mathgroup4
\symAMSb=\mathgroup5
LaTeX Font Info:    Overwriting math alphabet `\mathfrak' in version `bold'
(Font)                  U/euf/m/n --> U/euf/b/n on input line 106.
))
(/usr/local/texlive/2014/texmf-dist/tex/latex/amsmath/amsmath.sty
Package: amsmath 2013/01/14 v2.14 AMS math features
\@mathmargin=\skip59

For additional information on amsmath, use the `?' option.
(/usr/local/texlive/2014/texmf-dist/tex/latex/amsmath/amstext.sty
Package: amstext 2000/06/29 v2.01

(/usr/local/texlive/2014/texmf-dist/tex/latex/amsmath/amsgen.sty
File: amsgen.sty 1999/11/30 v2.0
\@emptytoks=\toks20
\ex@=\dimen114
))
(/usr/local/texlive/2014/texmf-dist/tex/latex/amsmath/amsbsy.sty
Package: amsbsy 1999/11/29 v1.2d
\pmbraise@=\dimen115
)
(/usr/local/texlive/2014/texmf-dist/tex/latex/amsmath/amsopn.sty
Package: amsopn 1999/12/14 v2.01 operator names
)
\inf@bad=\count92
LaTeX Info: Redefining \frac on input line 210.
\uproot@=\count93
\leftroot@=\count94
LaTeX Info: Redefining \overline on input line 306.
\classnum@=\count95
\DOTSCASE@=\count96
LaTeX Info: Redefining \ldots on input line 378.
LaTeX Info: Redefining \dots on input line 381.
LaTeX Info: Redefining \cdots on input line 466.
\Mathstrutbox@=\box28
\strutbox@=\box29
\big@size=\dimen116
LaTeX Font Info:    Redeclaring font encoding OML on input line 566.
LaTeX Font Info:    Redeclaring font encoding OMS on input line 567.
\macc@depth=\count97
\c@MaxMatrixCols=\count98
\dotsspace@=\muskip10
\c@parentequation=\count99
\dspbrk@lvl=\count100
\tag@help=\toks21
\row@=\count101
\column@=\count102
\maxfields@=\count103
\andhelp@=\toks22
\eqnshift@=\dimen117
\alignsep@=\dimen118
\tagshift@=\dimen119
\tagwidth@=\dimen120
\totwidth@=\dimen121
\lineht@=\dimen122
\@envbody=\toks23
\multlinegap=\skip60
\multlinetaggap=\skip61
\mathdisplay@stack=\toks24
LaTeX Info: Redefining \[ on input line 2665.
LaTeX Info: Redefining \] on input line 2666.
)
(/usr/local/texlive/2014/texmf-dist/tex/latex/datetime/datetime.sty
Package: datetime 2013/09/10 v2.59 Date Time Package

(/usr/local/texlive/2014/texmf-dist/tex/latex/etoolbox/etoolbox.sty
Package: etoolbox 2011/01/03 v2.1 e-TeX tools for LaTeX

(/usr/local/texlive/2014/texmf-dist/tex/latex/etex-pkg/etex.sty
Package: etex 1998/03/26 v2.0 eTeX basic definition package (PEB)
\et@xins=\count104
)
\etb@tempcnta=\count105
)
(/usr/local/texlive/2014/texmf-dist/tex/latex/fmtcount/fmtcount.sty
Package: fmtcount 2013/08/17 v2.03

(/usr/local/texlive/2014/texmf-dist/tex/latex/base/ifthen.sty
Package: ifthen 2001/05/26 v1.1c Standard LaTeX ifthen package (DPC)
)
(/usr/local/texlive/2014/texmf-dist/tex/latex/fmtcount/fcprefix.sty
Package: fcprefix 2012/09/28

(/usr/local/texlive/2014/texmf-dist/tex/latex/fmtcount/fcnumparser.sty
Package: fcnumparser 2012/09/28
\fc@digit@counter=\count106
))
\c@padzeroesN=\count107
\fc@tmpcatcode=\count108
\@DT@modctr=\count109
\@ordinalctr=\count110
\@orgargctr=\count111
\@strctr=\count112
\@tmpstrctr=\count113
\@DT@loopN=\count114
\@DT@X=\count115

(/usr/local/texlive/2014/texmf-dist/tex/latex/fmtcount/fc-english.def
File: fc-english.def 2013/08/17
))
(/usr/local/texlive/2014/texmf-dist/tex/latex/datetime/datetime-defaults.sty
Package: datetime-defaults 2013/09/10
)
\@day=\count116
\@month=\count117
\@year=\count118
\c@HOUR=\count119
\c@HOURXII=\count120
\c@MINUTE=\count121
\c@TOHOUR=\count122
\c@TOMINUTE=\count123
\c@SECOND=\count124
\currenthour=\count125
\currentminute=\count126
\currentsecond=\count127
Package datetime Info: No datetime.cfg file found, using default settings on in
put line 308.
\@dtctr=\count128
\dayofyear=\count129
\dayofweek=\count130
LaTeX Info: Redefining \today on input line 736.
\dt@a=\toks25
\dt@b=\toks26
)
(/usr/local/texlive/2014/texmf-dist/tex/latex/tex-gyre/tgbonum.sty
Package: tgbonum 2009/09/27 v1.2 TeX Gyre Bonum as default roman family

(/usr/local/texlive/2014/texmf-dist/tex/latex/oberdiek/kvoptions.sty
Package: kvoptions 2011/06/30 v3.11 Key value format for package options (HO)

(/usr/local/texlive/2014/texmf-dist/tex/generic/oberdiek/ltxcmds.sty
Package: ltxcmds 2011/11/09 v1.22 LaTeX kernel commands for general use (HO)
)
(/usr/local/texlive/2014/texmf-dist/tex/generic/oberdiek/kvsetkeys.sty
Package: kvsetkeys 2012/04/25 v1.16 Key value parser (HO)

(/usr/local/texlive/2014/texmf-dist/tex/generic/oberdiek/infwarerr.sty
Package: infwarerr 2010/04/08 v1.3 Providing info/warning/error messages (HO)
)
(/usr/local/texlive/2014/texmf-dist/tex/generic/oberdiek/etexcmds.sty
Package: etexcmds 2011/02/16 v1.5 Avoid name clashes with e-TeX commands (HO)

(/usr/local/texlive/2014/texmf-dist/tex/generic/oberdiek/ifluatex.sty
Package: ifluatex 2010/03/01 v1.3 Provides the ifluatex switch (HO)
Package ifluatex Info: LuaTeX not detected.
)
Package etexcmds Info: Could not find \expanded.
(etexcmds)             That can mean that you are not using pdfTeX 1.50 or
(etexcmds)             that some package has redefined \expanded.
(etexcmds)             In the latter case, load this package earlier.
))))
(/usr/local/texlive/2014/texmf-dist/tex/latex/graphics/graphicx.sty
Package: graphicx 2014/04/25 v1.0g Enhanced LaTeX Graphics (DPC,SPQR)

(/usr/local/texlive/2014/texmf-dist/tex/latex/graphics/graphics.sty
Package: graphics 2009/02/05 v1.0o Standard LaTeX Graphics (DPC,SPQR)

(/usr/local/texlive/2014/texmf-dist/tex/latex/graphics/trig.sty
Package: trig 1999/03/16 v1.09 sin cos tan (DPC)
)
(/usr/local/texlive/2014/texmf-dist/tex/latex/latexconfig/graphics.cfg
File: graphics.cfg 2010/04/23 v1.9 graphics configuration of TeX Live
)
Package graphics Info: Driver file: pdftex.def on input line 91.

(/usr/local/texlive/2014/texmf-dist/tex/latex/pdftex-def/pdftex.def
File: pdftex.def 2011/05/27 v0.06d Graphics/color for pdfTeX
\Gread@gobject=\count131
))
\Gin@req@height=\dimen123
\Gin@req@width=\dimen124
)
(./REP_emassa01_CS.aux

LaTeX Warning: Label `GoogleSignInPage' multiply defined.


LaTeX Warning: Label `saveScores' multiply defined.


LaTeX Warning: Label `colourCoding' multiply defined.

)
\openout1 = `REP_emassa01_CS.aux'.

LaTeX Font Info:    Checking defaults for OML/cmm/m/it on input line 26.
LaTeX Font Info:    ... okay on input line 26.
LaTeX Font Info:    Checking defaults for T1/cmr/m/n on input line 26.
LaTeX Font Info:    ... okay on input line 26.
LaTeX Font Info:    Checking defaults for OT1/cmr/m/n on input line 26.
LaTeX Font Info:    ... okay on input line 26.
LaTeX Font Info:    Checking defaults for OMS/cmsy/m/n on input line 26.
LaTeX Font Info:    ... okay on input line 26.
LaTeX Font Info:    Checking defaults for OMX/cmex/m/n on input line 26.
LaTeX Font Info:    ... okay on input line 26.
LaTeX Font Info:    Checking defaults for U/cmr/m/n on input line 26.
LaTeX Font Info:    ... okay on input line 26.
LaTeX Font Info:    Try loading font information for OT1+qbk on input line 26.
 (/usr/local/texlive/2014/texmf-dist/tex/latex/tex-gyre/ot1qbk.fd
File: ot1qbk.fd 2009/09/25 v1.2 font definition file for OT1/qbk
)
Package ragged2e Info: ABD: executing \RaggedRight on input line 26.

ABD: EverySelectfont initializing macros
LaTeX Info: Redefining \selectfont on input line 26.
Package caption Info: Begin \AtBeginDocument code.
Package caption Info: End \AtBeginDocument code.

(/usr/local/texlive/2014/texmf-dist/tex/context/base/supp-pdf.mkii
[Loading MPS to PDF converter (version 2006.09.02).]
\scratchcounter=\count132
\scratchdimen=\dimen125
\scratchbox=\box30
\nofMPsegments=\count133
\nofMParguments=\count134
\everyMPshowfont=\toks27
\MPscratchCnt=\count135
\MPscratchDim=\dimen126
\MPnumerator=\count136
\makeMPintoPDFobject=\count137
\everyMPtoPDFconversion=\toks28
) (/usr/local/texlive/2014/texmf-dist/tex/generic/oberdiek/pdftexcmds.sty
Package: pdftexcmds 2011/11/29 v0.20 Utility functions of pdfTeX for LuaTeX (HO
)

(/usr/local/texlive/2014/texmf-dist/tex/generic/oberdiek/ifpdf.sty
Package: ifpdf 2011/01/30 v2.3 Provides the ifpdf switch (HO)
Package ifpdf Info: pdfTeX in PDF mode is detected.
)
Package pdftexcmds Info: LuaTeX not detected.
Package pdftexcmds Info: \pdf@primitive is available.
Package pdftexcmds Info: \pdf@ifprimitive is available.
Package pdftexcmds Info: \pdfdraftmode found.
)
(/usr/local/texlive/2014/texmf-dist/tex/latex/oberdiek/epstopdf-base.sty
Package: epstopdf-base 2010/02/09 v2.5 Base part for package epstopdf

(/usr/local/texlive/2014/texmf-dist/tex/latex/oberdiek/grfext.sty
Package: grfext 2010/08/19 v1.1 Manage graphics extensions (HO)

(/usr/local/texlive/2014/texmf-dist/tex/generic/oberdiek/kvdefinekeys.sty
Package: kvdefinekeys 2011/04/07 v1.3 Define keys (HO)
))
Package grfext Info: Graphics extension search list:
(grfext)             [.png,.pdf,.jpg,.mps,.jpeg,.jbig2,.jb2,.PNG,.PDF,.JPG,.JPE
G,.JBIG2,.JB2,.eps]
(grfext)             \AppendGraphicsExtensions on input line 452.

(/usr/local/texlive/2014/texmf-dist/tex/latex/latexconfig/epstopdf-sys.cfg
File: epstopdf-sys.cfg 2010/07/13 v1.3 Configuration of (r)epstopdf for TeX Liv
e
))
LaTeX Font Info:    Try loading font information for U+msa on input line 40.

(/usr/local/texlive/2014/texmf-dist/tex/latex/amsfonts/umsa.fd
File: umsa.fd 2013/01/14 v3.01 AMS symbols A
)
LaTeX Font Info:    Try loading font information for U+msb on input line 40.

(/usr/local/texlive/2014/texmf-dist/tex/latex/amsfonts/umsb.fd
File: umsb.fd 2013/01/14 v3.01 AMS symbols B
)
Underfull \hbox (badness 10000) in paragraph at lines 45--46

 []

[1

{/usr/local/texlive/2014/texmf-var/fonts/map/pdftex/updmap/pdftex.map}]
(./REP_emassa01_CS.toc)
\tf@toc=\write4
\openout4 = `REP_emassa01_CS.toc'.

 [2

]
Underfull \hbox (badness 3930) in paragraph at lines 94--95
[]|\OT1/qbk/m/n/10.95 Autism is amongst the most com-mon neuro- 
 []


Overfull \hbox (29.66827pt too wide) in paragraph at lines 93--100
[]  
 []

[3

] [4

] Excluding 'comment' comment.
Overfull \hbox (0.65594pt too wide) in paragraph at lines 139--139
\OT1/qbk/m/n/10.95 `Gui-tar', a con-tex-tual style of pro-cess-ing would im-ply
 an aware-ness that the word 
 []


Overfull \hbox (1.25836pt too wide) in paragraph at lines 139--139
\OT1/qbk/m/n/10.95 memory (the tran-sient hold-ing and pro-cess-ing of in-for-m
a-tion for up-dat-ing, learn- 
 []

[5

]
Overfull \hbox (0.87497pt too wide) in paragraph at lines 145--145
[]\OT1/qbk/m/n/10.95 One of the first aims of the cur-rent project was to build
 a syn-the-sis of three lead- 
 []


Overfull \hbox (2.5942pt too wide) in paragraph at lines 145--145
\OT1/qbk/m/n/10.95 en-gine and test the re-sults on a user group with Autism. T
he goal of the re-search 
 []

[6]
Overfull \hbox (2.24364pt too wide) in paragraph at lines 164--165
\OT1/qbk/m/n/10.95 This project re-port presents a pro-to-type browser-based ap
-pli-ca-tion to as-sist users 
 []

[7] <images/expedia.png, id=31, 1172.38pt x 440.64626pt>
File: images/expedia.png Graphic file (type png)

<use images/expedia.png>
Package pdftex.def Info: images/expedia.png used on input line 184.
(pdftex.def)             Requested size: 316.54683pt x 118.97607pt.

Overfull \hbox (0.40405pt too wide) in paragraph at lines 190--191
\OT1/qbk/m/n/10.95 stances seems more nat-u-ral than a free key-word search. It
 makes search queries 
 []

[8 <./images/expedia.png>] <images/vision.png, id=37, 722.7pt x 236.885pt>
File: images/vision.png Graphic file (type png)

<use images/vision.png>
Package pdftex.def Info: images/vision.png used on input line 197.
(pdftex.def)             Requested size: 339.66904pt x 111.33595pt.
 [9 <./images/vision.png>]
Overfull \hbox (11.11336pt too wide) in paragraph at lines 219--220
\OT1/qbk/m/n/10.95 data and other group-wide char-ac-ter-is-tics have been in-f
erred from the Autism 
 []

[10] <images/JellibeanUserFlow.png, id=45, 695.59875pt x 418.56375pt>
File: images/JellibeanUserFlow.png Graphic file (type png)

<use images/JellibeanUserFlow.png>
Package pdftex.def Info: images/JellibeanUserFlow.png used on input line 237.
(pdftex.def)             Requested size: 452.13383pt x 272.0632pt.

Overfull \hbox (18.51384pt too wide) in paragraph at lines 237--238
 [] 
 []

[11 <./images/JellibeanUserFlow.png>]
<images/helloEsha.png, id=50, 1155.31625pt x 396.48125pt>
File: images/helloEsha.png Graphic file (type png)

<use images/helloEsha.png>
Package pdftex.def Info: images/helloEsha.png used on input line 252.
(pdftex.def)             Requested size: 288.82835pt x 99.12006pt.

<images/SocialPage.png, id=51, 1107.13625pt x 724.7075pt>
File: images/SocialPage.png Graphic file (type png)

<use images/SocialPage.png>
Package pdftex.def Info: images/SocialPage.png used on input line 262.
(pdftex.def)             Requested size: 276.78339pt x 181.17642pt.
 [12 <./images/helloEsha.png> <./images/SocialPage.png>] <images/UserMakingQuer
y.png, id=55, 1606.0pt x 1204.5pt>
File: images/UserMakingQuery.png Graphic file (type png)

<use images/UserMakingQuery.png>
Package pdftex.def Info: images/UserMakingQuery.png used on input line 273.
(pdftex.def)             Requested size: 240.8896pt x 180.6672pt.

<images/ResultsModal.png, id=56, 1037.8775pt x 641.39626pt>
File: images/ResultsModal.png Graphic file (type png)

<use images/ResultsModal.png>
Package pdftex.def Info: images/ResultsModal.png used on input line 286.
(pdftex.def)             Requested size: 259.46873pt x 160.34866pt.
 [13 <./images/UserMakingQuery.png>]
Excluding 'comment' comment.
<images/ntier.png, id=61, 605.26125pt x 553.06625pt>
File: images/ntier.png Graphic file (type png)
 <use images/ntier.png>
Package pdftex.def Info: images/ntier.png used on input line 314.
(pdftex.def)             Requested size: 393.41513pt x 359.4888pt.

[14 <./images/ResultsModal.png>]
LaTeX Font Info:    Try loading font information for OMS+qbk on input line 325.

LaTeX Font Info:    No file OMSqbk.fd. on input line 325.


LaTeX Font Warning: Font shape `OMS/qbk/m/n' undefined
(Font)              using `OMS/cmsy/m/n' instead
(Font)              for symbol `textbullet' on input line 325.


Overfull \hbox (2.82962pt too wide) in paragraph at lines 328--329
[]| \OT1/qbk/m/n/10.95 Jel-libean Web Ap-pli-ca-tion: Ren-der-ing the web ap-pl
i-ca-tion to the browser 
 []

[15 <./images/ntier.png>]
Overfull \hbox (4.45575pt too wide) in paragraph at lines 332--333
\OT1/qbk/m/n/10.95 and ren-der user pro-file data. This en-hances the feel of a
 per-son-alised search 
 []


Overfull \hbox (9.97997pt too wide) in paragraph at lines 340--341
[]| \OT1/qbk/m/n/10.95 Logic to pro-duce a com-bi-na-tion search en-gine that s
yn-the-sises the search 
 []

[16] <images/jBeanClassDiagram.png, id=72, 817.0525pt x 473.77pt>
File: images/jBeanClassDiagram.png Graphic file (type png)

<use images/jBeanClassDiagram.png>
Package pdftex.def Info: images/jBeanClassDiagram.png used on input line 359.
(pdftex.def)             Requested size: 449.38028pt x 260.57431pt.

Overfull \hbox (15.76028pt too wide) in paragraph at lines 359--360
 [] 
 []

Excluding 'comment' comment. Excluding 'comment' comment.
Overfull \hbox (11.82494pt too wide) in paragraph at lines 391--392
\OT1/qbk/m/n/10.95 To im-ple-ment the com-bi-na-tion search en-gine I used thre
e API's pro-vided by Google, 
 []

[17 <./images/jBeanClassDiagram.png>]
<images/JBeanAppletGoogleCustomSearch.png, id=76, 550.055pt x 440.64626pt>
File: images/JBeanAppletGoogleCustomSearch.png Graphic file (type png)

<use images/JBeanAppletGoogleCustomSearch.png>
Package pdftex.def Info: images/JBeanAppletGoogleCustomSearch.png used on input
 line 398.
(pdftex.def)             Requested size: 385.03587pt x 308.45027pt.

Overfull \hbox (36.57187pt too wide) in paragraph at lines 405--406
\OT1/qbk/m/n/10.95 Google+ lo-gin cre-den-tials they will be redi-rected to Jel
-libeans (or http://esha.mseth.co). 
 []


Overfull \hbox (8.21143pt too wide) in paragraph at lines 405--406
\OT1/qbk/m/n/10.95 This was done be-cause I wanted users to be able to sign in 
and ac-cess their google 
 []

<images/aboutme.png, id=77, 718.685pt x 364.36125pt>
File: images/aboutme.png Graphic file (type png)
 <use images/aboutme.png>
Package pdftex.def Info: images/aboutme.png used on input line 409.
(pdftex.def)             Requested size: 467.13971pt x 236.832pt.

Overfull \hbox (33.51971pt too wide) in paragraph at lines 409--410
 [] 
 []

[18 <./images/JBeanAppletGoogleCustomSearch.png>]
Overfull \hbox (11.51836pt too wide) in paragraph at lines 424--425
\OT1/qbk/m/n/10.95 to users. Re-sults were ranked prior to pre-sen-ta-tion, suc
h that re-sult 1 from Google 
 []


Overfull \hbox (1.2581pt too wide) in paragraph at lines 424--425
\OT1/qbk/m/n/10.95 was fol-lowed by re-sult 1 from Ya-hoo, and that was fol-low
ed by re-sult 1 from Bing. 
 []

[19 <./images/aboutme.png>]
<images/htmlParsers.png, id=87, 515.9275pt x 760.8425pt>
File: images/htmlParsers.png Graphic file (type png)

<use images/htmlParsers.png>
Package pdftex.def Info: images/htmlParsers.png used on input line 428.
(pdftex.def)             Requested size: 309.55888pt x 456.50902pt.

<images/Applet.png, id=88, 949.5475pt x 654.445pt>
File: images/Applet.png Graphic file (type png)
 <use images/Applet.png>
Package pdftex.def Info: images/Applet.png used on input line 436.
(pdftex.def)             Requested size: 446.28738pt x 307.58919pt.

Overfull \hbox (12.66739pt too wide) in paragraph at lines 436--437
 [] 
 []

[20 <./images/htmlParsers.png>] Excluding 'comment' comment.
Overfull \hbox (19.54503pt too wide) in paragraph at lines 472--472
[]\OT1/qbk/b/n/10.95 Differences in Search Queries Be-tween Users With and With
-out Autistic- 
 []

[21 <./images/Applet.png>] [22]
<images/lookAtUrChildren.png, id=100, 413.545pt x 746.79pt>
File: images/lookAtUrChildren.png Graphic file (type png)

<use images/lookAtUrChildren.png>
Package pdftex.def Info: images/lookAtUrChildren.png used on input line 501.
(pdftex.def)             Requested size: 151.76633pt x 274.06314pt.

<images/lookAtUrChildrenLyrics.png, id=101, 416.55624pt x 727.71875pt>
File: images/lookAtUrChildrenLyrics.png Graphic file (type png)

<use images/lookAtUrChildrenLyrics.png>
Package pdftex.def Info: images/lookAtUrChildrenLyrics.png used on input line 5
06.
(pdftex.def)             Requested size: 151.76633pt x 265.1321pt.
 [23]
Overfull \hbox (2.13434pt too wide) in paragraph at lines 513--515
\OT1/qbk/m/n/10.95 gines use term fre-quency to de-ter-mine if a doc-u-ment is 
rel-e-vant to the users 
 []

[24 <./images/lookAtUrChildren.png> <./images/lookAtUrChildrenLyrics.png>]
Excluding 'comment' comment.
Overfull \hbox (4.92647pt too wide) in paragraph at lines 544--545
\OT1/qbk/m/n/10.95 to ad-dress the ob-ser-va-tion of id-iosyn-crasy (point 2[] 
above in the cur-rent re-search), 
 []


Overfull \hbox (0.45883pt too wide) in paragraph at lines 544--545
\OT1/qbk/m/n/10.95 cial' query, es-pe-cially for the user group in ques-tion. `
So-cial' queries are for when 
 []


Overfull \hbox (10.09485pt too wide) in paragraph at lines 544--545
\OT1/qbk/m/n/10.95 their search is about some-thing so-cial; a per-son, or grou
p of peo-ple. So-cial queries 
 []

[25]
Overfull \hbox (7.99254pt too wide) in paragraph at lines 547--548
\OT1/qbk/m/n/10.95 has se-lected that type of query, this colour will be promi-
nent on the page through- 
 []

[26] <images/SocialCompleted.png, id=117, 1278.7775pt x 723.70375pt>
File: images/SocialCompleted.png Graphic file (type png)

<use images/SocialCompleted.png>
Package pdftex.def Info: images/SocialCompleted.png used on input line 565.
(pdftex.def)             Requested size: 383.63622pt x 217.1128pt.

Overfull \hbox (8.26624pt too wide) in paragraph at lines 574--575
[]\OT1/qbk/m/n/10.95 The Autism Quo-tient score and all 50 of the re-sponses fr
om the user will be stored 
 []

<images/saveScores.png, id=118, 785.93625pt x 387.4475pt>
File: images/saveScores.png Graphic file (type png)

<use images/saveScores.png>
Package pdftex.def Info: images/saveScores.png used on input line 578.
(pdftex.def)             Requested size: 235.78268pt x 116.23514pt.
 [27 <./images/SocialCompleted.png>]
Overfull \hbox (5.03598pt too wide) in paragraph at lines 595--596
[]\OT1/qbk/m/n/10.95 Jellibeans is in-te-grated with the LEAP Mo-tion Con-troll
er Hard-ware (see Fig-ure 17[]) 
 []

<images/leap.jpg, id=122, 712.6625pt x 263.98625pt>
File: images/leap.jpg Graphic file (type jpg)
 <use images/leap.jpg>
Package pdftex.def Info: images/leap.jpg used on input line 599.
(pdftex.def)             Requested size: 213.8004pt x 79.19647pt.

[28 <./images/saveScores.png>]

LaTeX Warning: Reference `vrVsLEAP' on page 29 undefined on input line 608.

<images/VRvsLEAP.png, id=127, 718.685pt x 287.0725pt>
File: images/VRvsLEAP.png Graphic file (type png)

<use images/VRvsLEAP.png>
Package pdftex.def Info: images/VRvsLEAP.png used on input line 612.
(pdftex.def)             Requested size: 359.34161pt x 143.53589pt.
 [29 <./images/leap.jpg> <./images/VRvsLEAP.png>]
<images/leapCode.png, id=132, 801.99625pt x 194.7275pt>
File: images/leapCode.png Graphic file (type png)

<use images/leapCode.png>
Package pdftex.def Info: images/leapCode.png used on input line 625.
(pdftex.def)             Requested size: 400.99713pt x 97.3635pt.
 <images/Monty1.png, id=133, 605.26125pt x 361.35pt>
File: images/Monty1.png Graphic file (type png)

<use images/Monty1.png>
Package pdftex.def Info: images/Monty1.png used on input line 633.
(pdftex.def)             Requested size: 393.41513pt x 234.87471pt.
 [30 <./images/leapCode.png> <./images/Monty1.png>]
<images/leapstrap.png, id=139, 693.59125pt x 220.825pt>
File: images/leapstrap.png Graphic file (type png)

<use images/leapstrap.png>
Package pdftex.def Info: images/leapstrap.png used on input line 647.
(pdftex.def)             Requested size: 416.15796pt x 132.496pt.
 <images/OneHanded.png, id=140, 1606.0pt x 1204.5pt>
File: images/OneHanded.png Graphic file (type png)

<use images/OneHanded.png>
Package pdftex.def Info: images/OneHanded.png used on input line 657.
(pdftex.def)             Requested size: 240.8896pt x 180.6672pt.
 [31 <./images/leapstrap.png>]
Overfull \hbox (1.55391pt too wide) in paragraph at lines 668--669
\OT1/qbk/m/n/10.95 women av-er-age around 15 and men around 17). A score of 22-
25 in-di-cates autis- 
 []


Overfull \hbox (22.61069pt too wide) in paragraph at lines 671--672
[]\OT1/qbk/m/n/10.95 Participants were asked to com-ment on their search re-sul
ts from 10 (pre-determined) 
 []

[32 <./images/OneHanded.png>] [33] Excluding 'comment' comment.
Overfull \hbox (5.36444pt too wide) in paragraph at lines 715--716
\OT1/qbk/m/n/10.95 All 5 users ver-i-fied that the `Dash-board' colour cod-ing 
was help-ful (see Fig-ure 24[]), 
 []

<images/DoKnowGoSocialDashboard.png, id=151, 1261.71375pt x 544.0325pt>
File: images/DoKnowGoSocialDashboard.png Graphic file (type png)

<use images/DoKnowGoSocialDashboard.png>
Package pdftex.def Info: images/DoKnowGoSocialDashboard.png used on input line 
719.
(pdftex.def)             Requested size: 315.42766pt x 136.00778pt.
 [34]
<images/floatingModals.png, id=155, 1261.71375pt x 544.0325pt>
File: images/floatingModals.png Graphic file (type png)

<use images/floatingModals.png>
Package pdftex.def Info: images/floatingModals.png used on input line 729.
(pdftex.def)             Requested size: 315.42766pt x 136.00778pt.
 [35 <./images/DoKnowGoSocialDashboard.png> <./images/floatingModals.png>]
<images/suggestions.png, id=161, 722.7pt x 542.025pt>
File: images/suggestions.png Graphic file (type png)

<use images/suggestions.png>
Package pdftex.def Info: images/suggestions.png used on input line 756.
(pdftex.def)             Requested size: 216.81166pt x 162.60875pt.
 [36]
Overfull \hbox (15.60265pt too wide) in paragraph at lines 762--763
[]\OT1/qbk/m/n/10.95 However, one of the char-ac-ter-is-tics of Autism is re-st
ricted and repet-i-tive be-haviours, 
 []

Excluding 'comment' comment. [37 <./images/suggestions.png>] [38] [39]
Underfull \hbox (badness 1728) in paragraph at lines 839--840
[]\OT1/qbk/m/n/10.95 Bronwyn, M, Mur-ray, M, and Durkin, K. (2003) Weak cen-tra
l co- 
 []


Underfull \hbox (badness 1389) in paragraph at lines 839--840
\OT1/qbk/m/n/10.95 her-ence, poor joint at-ten-tion, and low ver-bal abil-ity: 
In-de-pen-dent 
 []

[40

]
Overfull \hbox (1.80577pt too wide) in paragraph at lines 853--854
[]\OT1/qbk/m/n/10.95 JavaScript Con-sole, https://developer.chrome.com/devtools
/docs/console, 
 []


Underfull \hbox (badness 1584) in paragraph at lines 862--863
[]\OT1/qbk/m/n/10.95 Slavin, S (2013) Autism: Suc-cess-ful com-mu-ni-ca-tion,10
 things to 
 []

[41]
Underfull \hbox (badness 10000) in paragraph at lines 864--865
[]\OT1/qbk/m/n/10.95 Term Fre-quency In-verse Doc-u-ment Fre-quency Weight-ing,
 
 []


Overfull \hbox (2.2438pt too wide) in paragraph at lines 865--866
[]\OT1/qbk/m/n/10.95 Word Fre-quency In-for-ma-tion, http://www.wordfrequency.i
nfo/free.asp?s=y, 
 []

[42] [43] <images/JBeanUseCase.png, id=189, 1140.26pt x 801.99625pt>
File: images/JBeanUseCase.png Graphic file (type png)

<use images/JBeanUseCase.png>
Package pdftex.def Info: images/JBeanUseCase.png used on input line 881.
(pdftex.def)             Requested size: 456.09592pt x 320.79282pt.

Overfull \hbox (22.47592pt too wide) in paragraph at lines 881--882
 [] 
 []

[44 <./images/JBeanUseCase.png>]
Overfull \hbox (1.14362pt too wide) in paragraph at lines 892--899
[]  
 []


Overfull \vbox (91.66234pt too high) has occurred while \output is active []


[45]

LaTeX Font Warning: Font shape `OT1/qbk/m/ui' undefined
(Font)              using `OT1/qbk/m/n' instead on input line 903.


Overfull \hbox (5.19513pt too wide) in paragraph at lines 900--906
[][]  
 []

[46] <images/GoogleToS.png, id=199, 770.88pt x 378.41376pt>
File: images/GoogleToS.png Graphic file (type png)

<use images/GoogleToS.png>
Package pdftex.def Info: images/GoogleToS.png used on input line 911.
(pdftex.def)             Requested size: 462.53157pt x 227.05pt.

Overfull \hbox (28.91158pt too wide) in paragraph at lines 911--912
 [] 
 []

[47 <./images/GoogleToS.png>]
<images/survey1.png, id=204, 956.57375pt x 555.07375pt>
File: images/survey1.png Graphic file (type png)

<use images/survey1.png>
Package pdftex.def Info: images/survey1.png used on input line 921.
(pdftex.def)             Requested size: 478.2857pt x 277.53618pt.

Overfull \hbox (44.66571pt too wide) in paragraph at lines 921--921
 [] 
 []

<images/survey2.png, id=205, 966.61125pt x 495.8525pt>
File: images/survey2.png Graphic file (type png)

<use images/survey2.png>
Package pdftex.def Info: images/survey2.png used on input line 922.
(pdftex.def)             Requested size: 483.30444pt x 247.92564pt.

Overfull \hbox (49.68445pt too wide) in paragraph at lines 922--922
 [][] 
 []

[48 <./images/survey1.png> <./images/survey2.png>]
<images/survey3.png, id=211, 965.6075pt x 411.5375pt>
File: images/survey3.png Graphic file (type png)
 <use images/survey3.png>
Package pdftex.def Info: images/survey3.png used on input line 928.
(pdftex.def)             Requested size: 482.80257pt x 205.76825pt.

Overfull \hbox (49.18257pt too wide) in paragraph at lines 928--928
 [] 
 []

<images/survey4.png, id=212, 962.59625pt x 324.21124pt>
File: images/survey4.png Graphic file (type png)

<use images/survey4.png>
Package pdftex.def Info: images/survey4.png used on input line 929.
(pdftex.def)             Requested size: 481.29695pt x 162.10522pt.

Overfull \hbox (47.67696pt too wide) in paragraph at lines 929--929
 [][] 
 []

[49 <./images/survey3.png> <./images/survey4.png>]
<images/survey5.png, id=219, 965.6075pt x 626.34pt>
File: images/survey5.png Graphic file (type png)
 <use images/survey5.png>
Package pdftex.def Info: images/survey5.png used on input line 935.
(pdftex.def)             Requested size: 482.80257pt x 313.16922pt.

Overfull \hbox (49.18257pt too wide) in paragraph at lines 935--935
 [] 
 []

<images/survey6.png, id=220, 966.61125pt x 623.32875pt>
File: images/survey6.png Graphic file (type png)

<use images/survey6.png>
Package pdftex.def Info: images/survey6.png used on input line 936.
(pdftex.def)             Requested size: 483.30444pt x 311.6636pt.

Overfull \hbox (49.68445pt too wide) in paragraph at lines 936--936
 [][] 
 []


Overfull \vbox (60.67284pt too high) has occurred while \output is active []


[50 <./images/survey5.png> <./images/survey6.png>]
<images/survey7.png, id=227, 963.6pt x 362.35374pt>
File: images/survey7.png Graphic file (type png)
 <use images/survey7.png>
Package pdftex.def Info: images/survey7.png used on input line 943.
(pdftex.def)             Requested size: 481.79883pt x 181.17642pt.

Overfull \hbox (48.17883pt too wide) in paragraph at lines 943--943
 [] 
 []

[51 <./images/survey7.png>]
Overfull \hbox (7.2806pt too wide) in paragraph at lines 951--951
\OT1/qbk/m/n/10.95 Participants are asked to read each state-ment very care-ful
ly and rate how strongly 
 []


Overfull \hbox (1.14871pt too wide) in paragraph at lines 957--957
[]\OT1/qbk/m/n/10.95 I fre-quently get so strongly ab-sorbed in one thing that 
I lose sight of other things.  
 []

[52] [53] (./REP_emassa01_CS.aux)

LaTeX Font Warning: Some font shapes were not available, defaults substituted.


LaTeX Warning: There were undefined references.


LaTeX Warning: There were multiply-defined labels.

 ) 
Here is how much of TeX's memory you used:
 5154 strings out of 493117
 76937 string characters out of 6135433
 141823 words of memory out of 5000000
 8454 multiletter control sequences out of 15000+600000
 52700 words of font info for 61 fonts, out of 8000000 for 9000
 1141 hyphenation exceptions out of 8191
 42i,9n,40p,1605b,520s stack positions out of 5000i,500n,10000p,200000b,80000s
{/usr/local/texlive/2014/texmf-dist/fonts/enc/dvips/tex-gyre/q-rm.enc}</usr/l
ocal/texlive/2014/texmf-dist/fonts/type1/public/amsfonts/cm/cmmi10.pfb></usr/lo
cal/texlive/2014/texmf-dist/fonts/type1/public/amsfonts/cm/cmr10.pfb></usr/loca
l/texlive/2014/texmf-dist/fonts/type1/public/amsfonts/cm/cmsy10.pfb></usr/local
/texlive/2014/texmf-dist/fonts/type1/public/amsfonts/cm/cmtt10.pfb></usr/local/
texlive/2014/texmf-dist/fonts/type1/public/tex-gyre/qbkb.pfb></usr/local/texliv
e/2014/texmf-dist/fonts/type1/public/tex-gyre/qbkr.pfb></usr/local/texlive/2014
/texmf-dist/fonts/type1/public/tex-gyre/qbkri.pfb>
Output written on REP_emassa01_CS.pdf (53 pages, 36837364 bytes).
PDF statistics:
 265 PDF objects out of 1000 (max. 8388607)
 142 compressed objects within 2 object streams
 0 named destinations out of 1000 (max. 500000)
 176 words of extra memory for PDF output out of 10000 (max. 10000000)

